<?xml version="1.0" encoding="UTF-8"?>
<!-- Generated by org.testng.reporters.JUnitReportReporter -->
<testsuite hostname="DESKTOP-IEB5SOO" failures="0" tests="4" name="homePage.MyTestCases" time="0.264" errors="0" timestamp="2024-08-18T02:18:48 PDT" skipped="0">
  <testcase classname="homePage.MyTestCases" name="CheckTheDefaultLangugeIsEnglish" time="0.113"/>
  <system-out/>
  <testcase classname="homePage.MyTestCases" name="CheckdefaultCurrency" time="0.044"/>
  <system-out/>
  <testcase classname="homePage.MyTestCases" name="CheckContactNumber" time="0.032"/>
  <system-out/>
  <testcase classname="homePage.MyTestCases" name="CheckQitagLogo" time="0.075"/>
  <system-out/>
</testsuite> <!-- homePage.MyTestCases -->
