<?xml version="1.0" encoding="UTF-8"?>
<!-- Generated by org.testng.reporters.JUnitReportReporter -->
<testsuite hostname="DESKTOP-IEB5SOO" failures="0" tests="9" name="homePage.MyTestCases" time="10.005" errors="0" timestamp="2024-08-20T13:53:57 PDT" skipped="0">
  <testcase classname="homePage.MyTestCases" name="CheckTheDefaultLangugeIsEnglish" time="0.053"/>
  <system-out/>
  <testcase classname="homePage.MyTestCases" name="CheckdefaultCurrency" time="0.067"/>
  <system-out/>
  <testcase classname="homePage.MyTestCases" name="CheckContactNumber" time="0.096"/>
  <system-out/>
  <testcase classname="homePage.MyTestCases" name="CheckQitagLogo" time="0.088"/>
  <system-out/>
  <testcase classname="homePage.MyTestCases" name="TestHotelTabIsNotSelected" time="0.038"/>
  <system-out/>
  <testcase classname="homePage.MyTestCases" name="CheckDepatureDate" time="0.239"/>
  <system-out/>
  <testcase classname="homePage.MyTestCases" name="RandomlyChangeTheLanguage" time="1.536"/>
  <system-out/>
  <testcase classname="homePage.MyTestCases" name="fillHotelTab" time="1.394"/>
  <system-out/>
  <testcase classname="homePage.MyTestCases" name="RandomlySelectTheNumberOfVistor" time="6.494"/>
  <system-out/>
</testsuite> <!-- homePage.MyTestCases -->
